south_build/app/build/outputs/mapping/release/seeds.txt
com.nanbanqiu.wannianli.data.model.SolarTermInfo
com.nanbanqiu.wannianli.data.model.ScheduleEvent$Companion
com.nanbanqiu.wannianli.WannianliApp
com.nanbanqiu.wannianli.MainActivity
com.nanbanqiu.wannianli.data.model.ChangelogEntry
com.nanbanqiu.wannianli.data.model.ScheduleEvent
com.nanbanqiu.wannianli.engine.SxtwlBridge
com.nanbanqiu.wannianli.data.model.CalendarDay
com.nanbanqiu.wannianli.data.model.DiaryNote
com.nanbanqiu.wannianli.data.model.LunarDate
com.nanbanqiu.wannianli.data.model.CityInfo
com.nanbanqiu.wannianli.data.model.CityInfo: int $stable
com.nanbanqiu.wannianli.data.model.CalendarDay: int southSolarMonth
com.nanbanqiu.wannianli.data.model.ScheduleEvent: com.nanbanqiu.wannianli.data.model.ScheduleEvent$Companion Companion
com.nanbanqiu.wannianli.data.model.ScheduleEvent: int TYPE_ANNIVERSARY
com.nanbanqiu.wannianli.data.model.LunarDate: int month
com.nanbanqiu.wannianli.data.model.CalendarDay: int gregorianMonth
com.nanbanqiu.wannianli.data.model.CalendarDay: java.lang.String northMoonPhaseSymbol
com.nanbanqiu.wannianli.data.model.LunarDate: int southernLeapMonth
com.nanbanqiu.wannianli.data.model.CalendarDay: java.lang.String weekday
com.nanbanqiu.wannianli.data.model.ChangelogEntry: java.lang.String content
com.nanbanqiu.wannianli.data.model.SolarTermInfo: int day
com.nanbanqiu.wannianli.data.model.ScheduleEvent: int month
com.nanbanqiu.wannianli.data.model.ScheduleEvent: int TYPE_MEETING
com.nanbanqiu.wannianli.data.model.SolarTermInfo: int $stable
com.nanbanqiu.wannianli.engine.SxtwlBridge: com.nanbanqiu.wannianli.engine.SxtwlBridge INSTANCE
com.nanbanqiu.wannianli.data.model.CalendarDay: com.nanbanqiu.wannianli.data.model.SolarTermInfo nextSolarTerm
com.nanbanqiu.wannianli.data.model.CalendarDay: java.lang.String southernSeasonEmoji
com.nanbanqiu.wannianli.data.model.CityInfo: int utcOffsetMinutes
com.nanbanqiu.wannianli.data.model.DiaryNote: long id
com.nanbanqiu.wannianli.data.model.SolarTermInfo: int month
com.nanbanqiu.wannianli.data.model.LunarDate: java.lang.String dayGanZhi
com.nanbanqiu.wannianli.data.model.ScheduleEvent: java.lang.String title
com.nanbanqiu.wannianli.data.model.LunarDate: java.lang.String southernMonthName
com.nanbanqiu.wannianli.data.model.LunarDate: int day
com.nanbanqiu.wannianli.data.model.LunarDate: int southernMonth
com.nanbanqiu.wannianli.data.model.ChangelogEntry: int $stable
com.nanbanqiu.wannianli.data.model.CalendarDay: com.nanbanqiu.wannianli.data.model.LunarDate lunarDate
com.nanbanqiu.wannianli.data.model.CalendarDay: java.lang.String southHourGanZhi
com.nanbanqiu.wannianli.data.model.DiaryNote: java.lang.String date
com.nanbanqiu.wannianli.data.model.ScheduleEvent: int reminderDays
com.nanbanqiu.wannianli.data.model.ScheduleEvent: boolean recurring
com.nanbanqiu.wannianli.MainActivity: int $stable
com.nanbanqiu.wannianli.data.model.CalendarDay: java.lang.String southMonthGanZhi
com.nanbanqiu.wannianli.data.model.SolarTermInfo: boolean isCurrent
com.nanbanqiu.wannianli.data.model.ScheduleEvent: int $stable
com.nanbanqiu.wannianli.data.model.CalendarDay: java.lang.String moonPhaseName
com.nanbanqiu.wannianli.data.model.CalendarDay: java.lang.String southOppositeDay
com.nanbanqiu.wannianli.data.model.CityInfo: boolean isNorthernHemisphere
com.nanbanqiu.wannianli.data.model.CalendarDay: java.lang.String northShengXiao
com.nanbanqiu.wannianli.data.model.DiaryNote: java.lang.String time
com.nanbanqiu.wannianli.data.model.CalendarDay: java.lang.String northHourGanZhi
com.nanbanqiu.wannianli.data.model.ChangelogEntry: java.lang.String version
com.nanbanqiu.wannianli.data.model.ScheduleEvent: int type
com.nanbanqiu.wannianli.data.model.CityInfo: double longitude
com.nanbanqiu.wannianli.data.model.ScheduleEvent: int TYPE_TODO
com.nanbanqiu.wannianli.data.model.LunarDate: int southernYear
com.nanbanqiu.wannianli.data.model.CalendarDay: java.lang.String northMonthGanZhi
...
androidx.compose.foundation.FocusableKt$FocusableInNonTouchModeElement$1
androidx.compose.ui.graphics.GraphicsLayerElement
androidx.emoji2.text.EmojiCompatInitializer$1
kotlinx.coroutines.android.AndroidDispatcherFactory
androidx.compose.foundation.layout.OffsetPxElement
androidx.compose.foundation.layout.OffsetElement
androidx.compose.foundation.layout.FillElement
androidx.activity.result.ActivityResultRegistry$1
androidx.lifecycle.CompositeGeneratedAdaptersObserver
androidx.compose.ui.focus.FocusTargetNode$FocusTargetElement
androidx.compose.ui.CompositionLocalMapInjectionElement
androidx.activity.ImmLeaksCleaner
androidx.navigation.compose.DialogHostKt$PopulateVisibleList$1$1$observer$1
androidx.core.app.ComponentActivity
androidx.lifecycle.SavedStateHandleController
androidx.compose.foundation.layout.PaddingValuesElement
androidx.lifecycle.SingleGeneratedAdapterObserver
androidx.lifecycle.ReflectiveGenericLifecycleObserver
androidx.compose.ui.node.ForceUpdateElement
androidx.compose.ui.platform.WindowRecomposer_androidKt$createLifecycleAwareWindowRecomposer$2
androidx.compose.foundation.gestures.MouseWheelScrollElement
androidx.compose.foundation.layout.HorizontalAlignElement
androidx.compose.foundation.FocusableElement
androidx.profileinstaller.ProfileInstallerInitializer
androidx.compose.foundation.ClickableElement
androidx.compose.foundation.layout.AspectRatioElement
androidx.lifecycle.LifecycleCoroutineScopeImpl
androidx.compose.foundation.gestures.DraggableElement
androidx.core.content.UnusedAppRestrictionsBackportService
androidx.compose.ui.draw.PainterElement
androidx.navigation.compose.ComposeNavGraphNavigator
androidx.compose.foundation.HoverableElement
kotlin.coroutines.jvm.internal.BaseContinuationImpl
androidx.activity.ComponentActivity$2
androidx.compose.ui.input.pointer.SuspendPointerInputElement
androidx.activity.ComponentActivity$4
androidx.core.app.JobIntentService
androidx.core.graphics.drawable.IconCompat
androidx.compose.ui.draw.DrawWithCacheElement
androidx.compose.ui.input.rotary.RotaryInputElement
androidx.compose.foundation.text.modifiers.SelectableTextAnnotatedStringElement
androidx.lifecycle.LegacySavedStateHandleController$tryToAddRecreator$1
androidx.compose.foundation.layout.WrapContentElement
androidx.compose.ui.semantics.EmptySemanticsElement
androidx.compose.foundation.BorderModifierNodeElement
androidx.compose.ui.semantics.AppendedSemanticsElement
androidx.core.app.NotificationCompatSideChannelService
androidx.compose.foundation.text.modifiers.TextStringSimpleElement
androidx.lifecycle.ProcessLifecycleInitializer
androidx.navigation.ActivityNavigator
androidx.emoji2.text.EmojiCompatInitializer
androidx.activity.ComponentActivity
androidx.compose.foundation.layout.PaddingElement
androidx.core.graphics.drawable.IconCompatParcelizer
androidx.navigation.compose.DialogNavigator
androidx.lifecycle.RepeatOnLifecycleKt$repeatOnLifecycle$3$1$1$1
kotlin.Metadata
androidx.core.app.RemoteActionCompat
androidx.compose.foundation.FocusedBoundsObserverElement
androidx.compose.ui.platform.AndroidComposeView
androidx.compose.foundation.layout.SizeElement
androidx.activity.OnBackPressedDispatcher$LifecycleOnBackPressedCancellable
androidx.compose.material3.TouchExplorationStateProvider_androidKt$ObserveState$3$observer$1
androidx.lifecycle.SavedStateHandleAttacher
androidx.compose.foundation.layout.LayoutWeightElement
androidx.compose.foundation.layout.UnspecifiedConstraintsElement
androidx.compose.foundation.layout.BoxChildDataElement
androidx.compose.ui.input.nestedscroll.NestedScrollElement
androidx.compose.ui.platform.ViewCompositionStrategy_androidKt$installForLifecycle$observer$1
androidx.core.content.FileProvider
androidx.lifecycle.WithLifecycleStateKt$suspendWithStateAtLeastUnchecked$2$observer$1
androidx.compose.ui.platform.WrappedComposition
androidx.startup.InitializationProvider
androidx.profileinstaller.ProfileInstallReceiver
androidx.compose.foundation.text.modifiers.TextAnnotatedStringElement