south_build/app/build/outputs/mapping/release/usage.txt
com.nanbanqiu.wannianli.R$drawable
com.nanbanqiu.wannianli.R$mipmap
com.nanbanqiu.wannianli.R$string:
    public static int app_name
    public static int changelog_empty
    public static int common_add
    public static int common_confirm
    public static int di_zhi_0
    public static int di_zhi_1
    public static int di_zhi_10
    public static int di_zhi_11
    public static int di_zhi_2
    public static int di_zhi_3
    public static int di_zhi_4
    public static int di_zhi_5
    public static int di_zhi_6
    public static int di_zhi_7
    public static int di_zhi_8
    public static int di_zhi_9
    public static int format_solar_term_local_datetime
    public static int gregorian_day
    public static int gregorian_label
    public static int gregorian_month
    public static int gregorian_year
    public static int home_four_pillars
    public static int home_ganzhi
    public static int home_leap_month
    public static int home_no
    public static int home_north_lunar
    public static int home_north_season
    public static int home_north_term
    public static int home_south_lunar
    public static int home_south_season
    public static int home_south_solar
    public static int home_south_term
    public static int home_yes
    public static int lang_english
    public static int lang_restart_hint
    public static int lang_simplified_chinese
    public static int lang_traditional_chinese
    public static int lunar_month_1
    public static int lunar_month_10
    public static int lunar_month_11
com.nanbanqiu.wannianli.R$style
com.nanbanqiu.wannianli.R$xml
com.nanbanqiu.wannianli.R
com.nanbanqiu.wannianli.WannianliApp:
    public static final int $stable
com.nanbanqiu.wannianli.data.AntipodalInfo:
    public static final int $stable
    public final double component1()
    public final double component2()
    public final int component3()
    public final java.lang.String component4()
    public final java.lang.String component5()
    public final java.lang.String component6()
    public final java.lang.String component7()
    public final java.lang.String component8()
    public final double component9()
    public final com.nanbanqiu.wannianli.data.AntipodalInfo copy(double,double,int,java.lang.String,java.lang.String,java.lang.String,java.lang.String,java.lang.String,double)
    public static synthetic com.nanbanqiu.wannianli.data.AntipodalInfo copy$default(com.nanbanqiu.wannianli.data.AntipodalInfo,double,double,int,java.lang.String,java.lang.String,java.lang.String,java.lang.String,java.lang.String,double,int,java.lang.Object)
    public final double getNearbyCityDistance()
com.nanbanqiu.wannianli.data.CityDataSource:
    public final java.util.List getSouthCities()
com.nanbanqiu.wannianli.data.local.ChangelogDataSource:
    public static final int $stable
    private static final java.lang.String KEY_CHANGELOG
    private static final java.lang.String PREFS_NAME
    public final void addEntry(android.content.Context,com.nanbanqiu.wannianli.data.model.ChangelogEntry)
    public final void resetToDefault(android.content.Context)
com.nanbanqiu.wannianli.data.repository.CalendarRepository:
    public static synthetic com.nanbanqiu.wannianli.data.model.CalendarDay getCalendarDay$default(com.nanbanqiu.wannianli.data.repository.CalendarRepository,int,int,int,int,int,java.lang.String,int,java.lang.Object)
    public final java.lang.String getMoonXiuName(int,int,int)
com.nanbanqiu.wannianli.data.repository.NoteRepository$searchNotes$$inlined$sortedByDescending$1
com.nanbanqiu.wannianli.data.repository.NoteRepository:
    public final java.util.List searchNotes(java.lang.String)
com.nanbanqiu.wannianli.data.repository.ScheduleRepository$getByType$$inlined$sortedBy$1
com.nanbanqiu.wannianli.data.repository.ScheduleRepository$getUpcoming$$inlined$sortedBy$1
...
androidx.datastore.preferences.protobuf.SourceContextOrBuilder
androidx.datastore.preferences.protobuf.SourceContextProto
androidx.datastore.preferences.protobuf.StringValue$1
androidx.datastore.preferences.protobuf.StringValue$Builder
androidx.datastore.preferences.protobuf.StringValue
androidx.datastore.preferences.protobuf.StringValueOrBuilder
androidx.datastore.preferences.protobuf.Struct$1
androidx.datastore.preferences.protobuf.Struct$Builder
androidx.datastore.preferences.protobuf.Struct$FieldsDefaultEntryHolder
androidx.datastore.preferences.protobuf.Struct
androidx.datastore.preferences.protobuf.StructOrBuilder
androidx.datastore.preferences.protobuf.StructProto
androidx.datastore.preferences.protobuf.StructuralMessageInfo$Builder
androidx.datastore.preferences.protobuf.StructuralMessageInfo
androidx.datastore.preferences.protobuf.Syntax$1
androidx.datastore.preferences.protobuf.Syntax$SyntaxVerifier
androidx.datastore.preferences.protobuf.Syntax
androidx.datastore.preferences.protobuf.TextFormatEscaper$1
androidx.datastore.preferences.protobuf.TextFormatEscaper$2
androidx.datastore.preferences.protobuf.TextFormatEscaper$ByteSequence
androidx.datastore.preferences.protobuf.TextFormatEscaper
androidx.datastore.preferences.protobuf.Timestamp$1
androidx.datastore.preferences.protobuf.Timestamp$Builder
androidx.datastore.preferences.protobuf.Timestamp
androidx.datastore.preferences.protobuf.TimestampOrBuilder
androidx.datastore.preferences.protobuf.TimestampProto
androidx.datastore.preferences.protobuf.Type$1
androidx.datastore.preferences.protobuf.Type$Builder
androidx.datastore.preferences.protobuf.Type
androidx.datastore.preferences.protobuf.TypeOrBuilder
androidx.datastore.preferences.protobuf.TypeProto
androidx.datastore.preferences.protobuf.UInt32Value$1
androidx.datastore.preferences.protobuf.UInt32Value$Builder
androidx.datastore.preferences.protobuf.UInt32Value
androidx.datastore.preferences.protobuf.UInt32ValueOrBuilder
androidx.datastore.preferences.protobuf.UInt64Value$1
androidx.datastore.preferences.protobuf.UInt64Value$Builder
androidx.datastore.preferences.protobuf.UInt64Value
androidx.datastore.preferences.protobuf.UInt64ValueOrBuilder
androidx.datastore.preferences.protobuf.UninitializedMessageException
androidx.datastore.preferences.protobuf.UnknownFieldSchema
androidx.datastore.preferences.protobuf.UnknownFieldSetLite
androidx.datastore.preferences.protobuf.UnknownFieldSetLiteSchema
androidx.datastore.preferences.protobuf.UnmodifiableLazyStringList$1
androidx.datastore.preferences.protobuf.UnmodifiableLazyStringList$2
androidx.datastore.preferences.protobuf.UnmodifiableLazyStringList
androidx.datastore.preferences.protobuf.UnsafeUtil$1
androidx.datastore.preferences.protobuf.UnsafeUtil$Android32MemoryAccessor
androidx.datastore.preferences.protobuf.UnsafeUtil$Android64MemoryAccessor
androidx.datastore.preferences.protobuf.UnsafeUtil$JvmMemoryAccessor
androidx.datastore.preferences.protobuf.UnsafeUtil$MemoryAccessor
androidx.datastore.preferences.protobuf.UnsafeUtil
androidx.datastore.preferences.protobuf.Utf8$DecodeUtil
androidx.datastore.preferences.protobuf.Utf8$Processor
androidx.datastore.preferences.protobuf.Utf8$SafeProcessor
androidx.datastore.preferences.protobuf.Utf8$UnpairedSurrogateException
androidx.datastore.preferences.protobuf.Utf8$UnsafeProcessor
androidx.datastore.preferences.protobuf.Utf8
androidx.datastore.preferences.protobuf.Value$1
androidx.datastore.preferences.protobuf.Value$Builder
androidx.datastore.preferences.protobuf.Value$KindCase
androidx.datastore.preferences.protobuf.Value
androidx.datastore.preferences.protobuf.ValueOrBuilder
androidx.datastore.preferences.protobuf.WireFormat$1
androidx.datastore.preferences.protobuf.WireFormat$FieldType$1
androidx.datastore.preferences.protobuf.WireFormat$FieldType$2
androidx.datastore.preferences.protobuf.WireFormat$FieldType$3
androidx.datastore.preferences.protobuf.WireFormat$FieldType$4